<?xml version="1.0" encoding="UTF-8"?>
<!-- Generated by org.testng.reporters.JUnitReportReporter -->
<testsuite hostname="LTIN554535" failures="0" tests="12" name="main.TestCases" time="46.951" errors="0" timestamp="2024-05-13T14:11:12 IST" skipped="0">
  <testcase classname="main.TestCases" name="Invalid_login_TC_01" time="4.529"/>
  <testcase classname="main.TestCases" name="Navigate_to_news_and_reviews_TC_02" time="2.526"/>
  <testcase classname="main.TestCases" name="Navigate_to_new_launches_TC_03" time="4.355"/>
  <testcase classname="main.TestCases" name="Navigate_to_new_bikes_TC_04" time="4.595"/>
  <testcase classname="main.TestCases" name="Navigate_to_best_scooter_TC_05" time="4.810"/>
  <testcase classname="main.TestCases" name="Navigate_to_electric_bike_TC_06" time="2.723"/>
  <testcase classname="main.TestCases" name="Navigate_to_electric_car_TC_07" time="2.998"/>
  <testcase classname="main.TestCases" name="getusedList_TC_08" time="3.240"/>
  <testcase classname="main.TestCases" name="EMI_Calculator_TC_09" time="9.569"/>
  <testcase classname="main.TestCases" name="Key_Specifications_TC_10" time="5.153"/>
  <testcase classname="main.TestCases" name="getImg_TC_11" time="0.624"/>
  <testcase classname="main.TestCases" name="getSimilarBikes_TC_12" time="1.829"/>
</testsuite> <!-- main.TestCases -->
