<?xml version="1.0" encoding="UTF-8"?>
<!-- Generated by org.testng.reporters.JUnitReportReporter -->
<testsuite hostname="LTIN554535" failures="0" tests="12" name="main.TestCases" time="50.400" errors="0" timestamp="2024-05-13T15:24:30 IST" skipped="0">
  <testcase classname="main.TestCases" name="Invalid_login_TC_01" time="4.739"/>
  <testcase classname="main.TestCases" name="Navigate_to_news_and_reviews_TC_02" time="3.358"/>
  <testcase classname="main.TestCases" name="Navigate_to_new_launches_TC_03" time="5.085"/>
  <testcase classname="main.TestCases" name="Navigate_to_new_bikes_TC_04" time="5.176"/>
  <testcase classname="main.TestCases" name="Navigate_to_best_scooter_TC_05" time="4.249"/>
  <testcase classname="main.TestCases" name="Navigate_to_electric_bike_TC_06" time="3.526"/>
  <testcase classname="main.TestCases" name="Navigate_to_electric_car_TC_07" time="3.497"/>
  <testcase classname="main.TestCases" name="getusedList_TC_08" time="4.197"/>
  <testcase classname="main.TestCases" name="EMI_Calculator_TC_09" time="9.313"/>
  <testcase classname="main.TestCases" name="Key_Specifications_TC_10" time="5.041"/>
  <testcase classname="main.TestCases" name="getImg_TC_11" time="0.496"/>
  <testcase classname="main.TestCases" name="getSimilarBikes_TC_12" time="1.723"/>
</testsuite> <!-- main.TestCases -->
